[Wed Aug 29 16:26:10 CEST 2018] Init auth server packet.
[Wed Aug 29 16:26:10 CEST 2018] Init world server packet.
[Wed Aug 29 16:26:10 CEST 2018] Trying to connect to auth server.
[Wed Aug 29 16:26:10 CEST 2018] Successfully connected to auth server.
[Wed Aug 29 16:26:10 CEST 2018] Sent account and password to auth server.
[Wed Aug 29 16:26:10 CEST 2018] Auth connection accepted.
[Wed Aug 29 16:26:10 CEST 2018] Requested world server information to auth server.
[Wed Aug 29 16:26:10 CEST 2018] Received world server information from auth.
[Wed Aug 29 16:26:10 CEST 2018] Trying to connect to world server.
[Wed Aug 29 16:26:10 CEST 2018] Connected to world server.
[Wed Aug 29 16:26:10 CEST 2018] Sending login proof to world server.
[Wed Aug 29 16:26:10 CEST 2018] Connection to world server accepted.
[Wed Aug 29 16:26:10 CEST 2018] Logout from account requested.
[Wed Aug 29 16:26:10 CEST 2018] Logout from account requested.
[Wed Aug 29 16:26:10 CEST 2018] Logout from account requested.
[Wed Aug 29 17:56:00 CEST 2018] Init auth server packet.
[Wed Aug 29 17:56:00 CEST 2018] Init world server packet.
[Wed Aug 29 17:56:00 CEST 2018] Trying to connect to auth server.
[Wed Aug 29 17:56:00 CEST 2018] Successfully connected to auth server.
[Wed Aug 29 17:56:00 CEST 2018] Sent account and password to auth server.
[Wed Aug 29 17:56:00 CEST 2018] Auth connection accepted.
[Wed Aug 29 17:56:00 CEST 2018] Requested world server information to auth server.
[Wed Aug 29 17:56:00 CEST 2018] Received world server information from auth.
[Wed Aug 29 17:56:00 CEST 2018] Trying to connect to world server.
[Wed Aug 29 17:56:00 CEST 2018] Connected to world server.
[Wed Aug 29 17:56:00 CEST 2018] Sending login proof to world server.
[Wed Aug 29 17:56:00 CEST 2018] Connection to world server accepted.
[Wed Aug 29 17:56:00 CEST 2018] Logout from account requested.
[Wed Aug 29 17:56:00 CEST 2018] Logout from account requested.
[Wed Aug 29 17:56:00 CEST 2018] Logout from account requested.
