[Wed Aug 29 18:50:05 CEST 2018] Started loading texture async.
[Wed Aug 29 18:50:05 CEST 2018] Started reading Spell.dbc
[Wed Aug 29 18:50:05 CEST 2018] Finished reading Spell.dbc
[Wed Aug 29 18:50:05 CEST 2018] Started reading Aura.dbc
[Wed Aug 29 18:50:05 CEST 2018] Finished reading Aura.dbc
[Wed Aug 29 18:50:05 CEST 2018] Finished loading texture async.
[Wed Aug 29 18:55:38 CEST 2018] Started loading texture async.
[Wed Aug 29 18:55:38 CEST 2018] Started reading Spell.dbc
[Wed Aug 29 18:55:38 CEST 2018] Finished reading Spell.dbc
[Wed Aug 29 18:55:38 CEST 2018] Started reading Aura.dbc
[Wed Aug 29 18:55:38 CEST 2018] Finished reading Aura.dbc
[Wed Aug 29 18:55:38 CEST 2018] Finished loading texture async.
[Wed Aug 29 18:56:58 CEST 2018] Started loading texture async.
[Wed Aug 29 18:56:58 CEST 2018] Started reading Spell.dbc
[Wed Aug 29 18:56:58 CEST 2018] Finished reading Spell.dbc
[Wed Aug 29 18:56:58 CEST 2018] Started reading Aura.dbc
[Wed Aug 29 18:56:58 CEST 2018] Finished reading Aura.dbc
[Wed Aug 29 18:56:58 CEST 2018] Finished loading texture async.
[Wed Aug 29 19:01:29 CEST 2018] Started loading texture async.
[Wed Aug 29 19:01:29 CEST 2018] Started reading Spell.dbc
[Wed Aug 29 19:01:29 CEST 2018] Finished reading Spell.dbc
[Wed Aug 29 19:01:29 CEST 2018] Started reading Aura.dbc
[Wed Aug 29 19:01:29 CEST 2018] Finished reading Aura.dbc
[Wed Aug 29 19:01:29 CEST 2018] Finished loading texture async.
[Wed Aug 29 19:02:55 CEST 2018] Started loading texture async.
[Wed Aug 29 19:02:55 CEST 2018] Started reading Spell.dbc
[Wed Aug 29 19:02:55 CEST 2018] Finished reading Spell.dbc
[Wed Aug 29 19:02:55 CEST 2018] Started reading Aura.dbc
[Wed Aug 29 19:02:55 CEST 2018] Finished reading Aura.dbc
[Wed Aug 29 19:02:55 CEST 2018] Finished loading texture async.
[Wed Aug 29 19:09:41 CEST 2018] Started loading texture async.
[Wed Aug 29 19:09:41 CEST 2018] Started reading Spell.dbc
[Wed Aug 29 19:09:41 CEST 2018] Finished reading Spell.dbc
[Wed Aug 29 19:09:41 CEST 2018] Started reading Aura.dbc
[Wed Aug 29 19:09:41 CEST 2018] Finished reading Aura.dbc
[Wed Aug 29 19:09:57 CEST 2018] Started loading texture async.
[Wed Aug 29 19:09:57 CEST 2018] Started reading Spell.dbc
[Wed Aug 29 19:09:57 CEST 2018] Finished reading Spell.dbc
[Wed Aug 29 19:09:57 CEST 2018] Started reading Aura.dbc
[Wed Aug 29 19:09:57 CEST 2018] Finished reading Aura.dbc
[Wed Aug 29 19:09:57 CEST 2018] Finished loading texture async.
[Wed Aug 29 19:11:27 CEST 2018] Started loading texture async.
[Wed Aug 29 19:11:27 CEST 2018] Started reading Spell.dbc
[Wed Aug 29 19:11:27 CEST 2018] Finished reading Spell.dbc
[Wed Aug 29 19:11:27 CEST 2018] Started reading Aura.dbc
[Wed Aug 29 19:11:27 CEST 2018] Finished reading Aura.dbc
[Wed Aug 29 19:11:27 CEST 2018] Finished loading texture async.
[Wed Aug 29 19:12:33 CEST 2018] Started loading texture async.
[Wed Aug 29 19:12:33 CEST 2018] Started reading Spell.dbc
[Wed Aug 29 19:12:33 CEST 2018] Finished reading Spell.dbc
[Wed Aug 29 19:12:33 CEST 2018] Started reading Aura.dbc
[Wed Aug 29 19:12:33 CEST 2018] Finished reading Aura.dbc
[Wed Aug 29 19:12:33 CEST 2018] Finished loading texture async.
[Wed Aug 29 19:16:34 CEST 2018] Started loading texture async.
[Wed Aug 29 19:16:34 CEST 2018] Started reading Spell.dbc
[Wed Aug 29 19:16:34 CEST 2018] Finished reading Spell.dbc
[Wed Aug 29 19:16:34 CEST 2018] Started reading Aura.dbc
[Wed Aug 29 19:16:34 CEST 2018] Finished reading Aura.dbc
[Wed Aug 29 19:16:34 CEST 2018] Finished loading texture async.
[Wed Aug 29 19:18:10 CEST 2018] Started loading texture async.
[Wed Aug 29 19:18:10 CEST 2018] Started reading Spell.dbc
[Wed Aug 29 19:18:10 CEST 2018] Finished reading Spell.dbc
[Wed Aug 29 19:18:10 CEST 2018] Started reading Aura.dbc
[Wed Aug 29 19:18:10 CEST 2018] Finished reading Aura.dbc
[Wed Aug 29 19:18:10 CEST 2018] Finished loading texture async.
[Wed Aug 29 19:20:49 CEST 2018] Started loading texture async.
[Wed Aug 29 19:20:49 CEST 2018] Started reading Spell.dbc
[Wed Aug 29 19:20:49 CEST 2018] Finished reading Spell.dbc
[Wed Aug 29 19:20:49 CEST 2018] Started reading Aura.dbc
[Wed Aug 29 19:20:49 CEST 2018] Finished reading Aura.dbc
[Wed Aug 29 19:20:49 CEST 2018] Finished loading texture async.
[Wed Aug 29 19:21:54 CEST 2018] Started loading texture async.
[Wed Aug 29 19:21:54 CEST 2018] Started reading Spell.dbc
[Wed Aug 29 19:21:54 CEST 2018] Finished reading Spell.dbc
[Wed Aug 29 19:21:54 CEST 2018] Started reading Aura.dbc
[Wed Aug 29 19:21:54 CEST 2018] Finished reading Aura.dbc
[Wed Aug 29 19:21:54 CEST 2018] Finished loading texture async.
[Wed Aug 29 19:22:50 CEST 2018] Started loading texture async.
[Wed Aug 29 19:22:50 CEST 2018] Started reading Spell.dbc
[Wed Aug 29 19:22:50 CEST 2018] Finished reading Spell.dbc
[Wed Aug 29 19:22:50 CEST 2018] Started reading Aura.dbc
[Wed Aug 29 19:22:50 CEST 2018] Finished reading Aura.dbc
[Wed Aug 29 19:22:50 CEST 2018] Finished loading texture async.
[Wed Aug 29 19:24:10 CEST 2018] Started loading texture async.
[Wed Aug 29 19:24:10 CEST 2018] Started reading Spell.dbc
[Wed Aug 29 19:24:10 CEST 2018] Finished reading Spell.dbc
[Wed Aug 29 19:24:10 CEST 2018] Started reading Aura.dbc
[Wed Aug 29 19:24:10 CEST 2018] Finished reading Aura.dbc
[Wed Aug 29 19:24:10 CEST 2018] Finished loading texture async.
[Wed Aug 29 19:26:19 CEST 2018] Started loading texture async.
[Wed Aug 29 19:26:19 CEST 2018] Started reading Spell.dbc
[Wed Aug 29 19:26:19 CEST 2018] Finished reading Spell.dbc
[Wed Aug 29 19:26:19 CEST 2018] Started reading Aura.dbc
[Wed Aug 29 19:26:19 CEST 2018] Finished reading Aura.dbc
[Wed Aug 29 19:26:19 CEST 2018] Finished loading texture async.
[Wed Aug 29 19:27:38 CEST 2018] Started loading texture async.
[Wed Aug 29 19:27:38 CEST 2018] Started reading Spell.dbc
[Wed Aug 29 19:27:38 CEST 2018] Finished reading Spell.dbc
[Wed Aug 29 19:27:38 CEST 2018] Started reading Aura.dbc
[Wed Aug 29 19:27:38 CEST 2018] Finished reading Aura.dbc
[Wed Aug 29 19:27:38 CEST 2018] Finished loading texture async.
[Wed Aug 29 19:29:00 CEST 2018] Started loading texture async.
[Wed Aug 29 19:29:00 CEST 2018] Started reading Spell.dbc
[Wed Aug 29 19:29:00 CEST 2018] Finished reading Spell.dbc
[Wed Aug 29 19:29:00 CEST 2018] Started reading Aura.dbc
[Wed Aug 29 19:29:00 CEST 2018] Finished reading Aura.dbc
[Wed Aug 29 19:29:00 CEST 2018] Finished loading texture async.
[Wed Aug 29 19:29:46 CEST 2018] Started loading texture async.
[Wed Aug 29 19:29:46 CEST 2018] Started reading Spell.dbc
[Wed Aug 29 19:29:46 CEST 2018] Finished reading Spell.dbc
[Wed Aug 29 19:29:46 CEST 2018] Started reading Aura.dbc
[Wed Aug 29 19:29:46 CEST 2018] Finished reading Aura.dbc
[Wed Aug 29 19:29:46 CEST 2018] Finished loading texture async.
[Wed Aug 29 19:30:27 CEST 2018] Started loading texture async.
[Wed Aug 29 19:30:27 CEST 2018] Started reading Spell.dbc
[Wed Aug 29 19:30:27 CEST 2018] Finished reading Spell.dbc
[Wed Aug 29 19:30:27 CEST 2018] Started reading Aura.dbc
[Wed Aug 29 19:30:27 CEST 2018] Finished reading Aura.dbc
[Wed Aug 29 19:30:27 CEST 2018] Finished loading texture async.
[Wed Aug 29 19:35:27 CEST 2018] Started loading texture async.
[Wed Aug 29 19:35:27 CEST 2018] Started reading Spell.dbc
[Wed Aug 29 19:35:27 CEST 2018] Finished reading Spell.dbc
[Wed Aug 29 19:35:27 CEST 2018] Started reading Aura.dbc
[Wed Aug 29 19:35:27 CEST 2018] Finished reading Aura.dbc
[Wed Aug 29 19:35:27 CEST 2018] Finished loading texture async.
[Wed Aug 29 19:39:26 CEST 2018] Started loading texture async.
[Wed Aug 29 19:39:26 CEST 2018] Started reading Spell.dbc
[Wed Aug 29 19:39:26 CEST 2018] Finished reading Spell.dbc
[Wed Aug 29 19:39:26 CEST 2018] Started reading Aura.dbc
[Wed Aug 29 19:39:26 CEST 2018] Finished reading Aura.dbc
[Wed Aug 29 19:39:26 CEST 2018] Finished loading texture async.
[Wed Aug 29 19:41:51 CEST 2018] Started loading texture async.
[Wed Aug 29 19:41:51 CEST 2018] Started reading Spell.dbc
[Wed Aug 29 19:41:51 CEST 2018] Finished reading Spell.dbc
[Wed Aug 29 19:41:51 CEST 2018] Started reading Aura.dbc
[Wed Aug 29 19:41:51 CEST 2018] Finished reading Aura.dbc
[Wed Aug 29 19:41:51 CEST 2018] Finished loading texture async.
[Thu Aug 30 12:04:44 CEST 2018] Started loading texture async.
[Thu Aug 30 12:04:44 CEST 2018] Started reading Spell.dbc
[Thu Aug 30 12:04:44 CEST 2018] Finished reading Spell.dbc
[Thu Aug 30 12:04:44 CEST 2018] Started reading Aura.dbc
[Thu Aug 30 12:04:44 CEST 2018] Finished reading Aura.dbc
[Thu Aug 30 12:04:44 CEST 2018] Finished loading texture async.
[Thu Aug 30 12:04:44 CEST 2018] Started loading texture async.
[Thu Aug 30 12:04:44 CEST 2018] Finished loading texture async.
[Thu Aug 30 12:04:44 CEST 2018] Started loading texture async.
[Thu Aug 30 12:04:44 CEST 2018] Finished loading texture async.
[Thu Aug 30 12:08:31 CEST 2018] Started loading texture async.
[Thu Aug 30 12:08:31 CEST 2018] Started reading Spell.dbc
[Thu Aug 30 12:08:31 CEST 2018] Finished reading Spell.dbc
[Thu Aug 30 12:08:31 CEST 2018] Started reading Aura.dbc
[Thu Aug 30 12:08:31 CEST 2018] Finished reading Aura.dbc
[Thu Aug 30 12:08:31 CEST 2018] Finished loading texture async.
[Thu Aug 30 12:09:44 CEST 2018] Started loading texture async.
[Thu Aug 30 12:09:44 CEST 2018] Started reading Spell.dbc
[Thu Aug 30 12:09:44 CEST 2018] Finished reading Spell.dbc
[Thu Aug 30 12:09:44 CEST 2018] Started reading Aura.dbc
[Thu Aug 30 12:09:44 CEST 2018] Finished reading Aura.dbc
[Thu Aug 30 12:09:44 CEST 2018] Finished loading texture async.
[Thu Aug 30 12:10:17 CEST 2018] Started loading texture async.
[Thu Aug 30 12:10:17 CEST 2018] Started reading Spell.dbc
[Thu Aug 30 12:10:17 CEST 2018] Finished reading Spell.dbc
[Thu Aug 30 12:10:17 CEST 2018] Started reading Aura.dbc
[Thu Aug 30 12:10:17 CEST 2018] Finished reading Aura.dbc
[Thu Aug 30 12:10:17 CEST 2018] Finished loading texture async.
[Thu Aug 30 12:11:40 CEST 2018] Started loading texture async.
[Thu Aug 30 12:11:40 CEST 2018] Started reading Spell.dbc
[Thu Aug 30 12:11:40 CEST 2018] Finished reading Spell.dbc
[Thu Aug 30 12:11:40 CEST 2018] Started reading Aura.dbc
[Thu Aug 30 12:11:40 CEST 2018] Finished reading Aura.dbc
[Thu Aug 30 12:11:40 CEST 2018] Finished loading texture async.
[Thu Aug 30 12:12:43 CEST 2018] Started loading texture async.
[Thu Aug 30 12:12:43 CEST 2018] Started reading Spell.dbc
[Thu Aug 30 12:12:43 CEST 2018] Finished reading Spell.dbc
[Thu Aug 30 12:12:43 CEST 2018] Started reading Aura.dbc
[Thu Aug 30 12:12:43 CEST 2018] Finished reading Aura.dbc
[Thu Aug 30 12:12:43 CEST 2018] Finished loading texture async.
[Thu Aug 30 12:14:28 CEST 2018] Started loading texture async.
[Thu Aug 30 12:14:28 CEST 2018] Started reading Spell.dbc
[Thu Aug 30 12:14:28 CEST 2018] Finished reading Spell.dbc
[Thu Aug 30 12:14:28 CEST 2018] Started reading Aura.dbc
[Thu Aug 30 12:14:28 CEST 2018] Finished reading Aura.dbc
[Thu Aug 30 12:14:28 CEST 2018] Finished loading texture async.
[Thu Aug 30 12:14:58 CEST 2018] Started loading texture async.
[Thu Aug 30 12:14:58 CEST 2018] Started reading Spell.dbc
[Thu Aug 30 12:14:58 CEST 2018] Finished reading Spell.dbc
[Thu Aug 30 12:14:58 CEST 2018] Started reading Aura.dbc
[Thu Aug 30 12:14:58 CEST 2018] Finished reading Aura.dbc
[Thu Aug 30 12:14:58 CEST 2018] Finished loading texture async.
[Thu Aug 30 12:26:11 CEST 2018] Started loading texture async.
[Thu Aug 30 12:26:11 CEST 2018] Started reading Spell.dbc
[Thu Aug 30 12:26:11 CEST 2018] Finished reading Spell.dbc
[Thu Aug 30 12:26:11 CEST 2018] Started reading Aura.dbc
[Thu Aug 30 12:26:11 CEST 2018] Finished reading Aura.dbc
[Thu Aug 30 12:26:11 CEST 2018] Finished loading texture async.
[Thu Aug 30 12:28:21 CEST 2018] Started loading texture async.
[Thu Aug 30 12:28:21 CEST 2018] Started reading Spell.dbc
[Thu Aug 30 12:28:21 CEST 2018] Finished reading Spell.dbc
[Thu Aug 30 12:28:21 CEST 2018] Started reading Aura.dbc
[Thu Aug 30 12:28:21 CEST 2018] Finished reading Aura.dbc
[Thu Aug 30 12:28:21 CEST 2018] Finished loading texture async.
[Thu Aug 30 12:39:46 CEST 2018] Started loading texture async.
[Thu Aug 30 12:39:46 CEST 2018] Started reading Spell.dbc
[Thu Aug 30 12:39:46 CEST 2018] Finished reading Spell.dbc
[Thu Aug 30 12:39:46 CEST 2018] Started reading Aura.dbc
[Thu Aug 30 12:39:46 CEST 2018] Finished reading Aura.dbc
[Thu Aug 30 12:39:46 CEST 2018] Finished loading texture async.
[Thu Aug 30 12:42:01 CEST 2018] Started loading texture async.
[Thu Aug 30 12:42:01 CEST 2018] Started reading Spell.dbc
[Thu Aug 30 12:42:01 CEST 2018] Finished reading Spell.dbc
[Thu Aug 30 12:42:01 CEST 2018] Started reading Aura.dbc
[Thu Aug 30 12:42:01 CEST 2018] Finished reading Aura.dbc
[Thu Aug 30 12:42:01 CEST 2018] Finished loading texture async.
[Thu Aug 30 12:46:44 CEST 2018] Started loading texture async.
[Thu Aug 30 12:46:44 CEST 2018] Started reading Spell.dbc
[Thu Aug 30 12:46:44 CEST 2018] Finished reading Spell.dbc
[Thu Aug 30 12:46:44 CEST 2018] Started reading Aura.dbc
[Thu Aug 30 12:46:44 CEST 2018] Finished reading Aura.dbc
[Thu Aug 30 12:46:44 CEST 2018] Finished loading texture async.
[Thu Aug 30 12:48:06 CEST 2018] Started loading texture async.
[Thu Aug 30 12:48:06 CEST 2018] Started reading Spell.dbc
[Thu Aug 30 12:48:06 CEST 2018] Finished reading Spell.dbc
[Thu Aug 30 12:48:06 CEST 2018] Started reading Aura.dbc
[Thu Aug 30 12:48:06 CEST 2018] Finished reading Aura.dbc
[Thu Aug 30 12:48:06 CEST 2018] Finished loading texture async.
[Thu Aug 30 20:11:52 CEST 2018] Started loading texture async.
[Thu Aug 30 20:11:52 CEST 2018] Started reading Spell.dbc
[Thu Aug 30 20:11:52 CEST 2018] Finished reading Spell.dbc
[Thu Aug 30 20:11:52 CEST 2018] Started reading Aura.dbc
[Thu Aug 30 20:11:52 CEST 2018] Finished reading Aura.dbc
[Thu Aug 30 20:11:52 CEST 2018] Finished loading texture async.
[Thu Aug 30 20:12:06 CEST 2018] Started loading texture async.
[Thu Aug 30 20:12:06 CEST 2018] Started reading Spell.dbc
[Thu Aug 30 20:12:06 CEST 2018] Finished reading Spell.dbc
[Thu Aug 30 20:12:06 CEST 2018] Started reading Aura.dbc
[Thu Aug 30 20:12:06 CEST 2018] Finished reading Aura.dbc
[Thu Aug 30 20:12:06 CEST 2018] Finished loading texture async.
[Thu Aug 30 20:12:16 CEST 2018] Started loading texture async.
[Thu Aug 30 20:12:16 CEST 2018] Started reading Spell.dbc
[Thu Aug 30 20:12:16 CEST 2018] Finished reading Spell.dbc
[Thu Aug 30 20:12:16 CEST 2018] Started reading Aura.dbc
[Thu Aug 30 20:12:16 CEST 2018] Finished reading Aura.dbc
[Thu Aug 30 20:12:16 CEST 2018] Finished loading texture async.
[Thu Aug 30 20:12:50 CEST 2018] Started loading texture async.
[Thu Aug 30 20:12:50 CEST 2018] Started reading Spell.dbc
[Thu Aug 30 20:12:50 CEST 2018] Finished reading Spell.dbc
[Thu Aug 30 20:12:50 CEST 2018] Started reading Aura.dbc
[Thu Aug 30 20:12:50 CEST 2018] Finished reading Aura.dbc
[Thu Aug 30 20:12:50 CEST 2018] Finished loading texture async.
[Thu Aug 30 20:21:09 CEST 2018] Started loading texture async.
[Thu Aug 30 20:21:09 CEST 2018] Started reading Spell.dbc
[Thu Aug 30 20:21:09 CEST 2018] Finished reading Spell.dbc
[Thu Aug 30 20:21:09 CEST 2018] Started reading Aura.dbc
[Thu Aug 30 20:21:09 CEST 2018] Finished reading Aura.dbc
[Thu Aug 30 20:21:09 CEST 2018] Finished loading texture async.
[Thu Aug 30 21:00:12 CEST 2018] Started loading texture async.
[Thu Aug 30 21:00:12 CEST 2018] Started reading Spell.dbc
[Thu Aug 30 21:00:12 CEST 2018] Finished reading Spell.dbc
[Thu Aug 30 21:00:12 CEST 2018] Started reading Aura.dbc
[Thu Aug 30 21:00:12 CEST 2018] Finished reading Aura.dbc
[Thu Aug 30 21:00:12 CEST 2018] Finished loading texture async.
[Thu Aug 30 21:01:02 CEST 2018] Started loading texture async.
[Thu Aug 30 21:01:02 CEST 2018] Started reading Spell.dbc
[Thu Aug 30 21:01:02 CEST 2018] Finished reading Spell.dbc
[Thu Aug 30 21:01:02 CEST 2018] Started reading Aura.dbc
[Thu Aug 30 21:01:02 CEST 2018] Finished reading Aura.dbc
[Thu Aug 30 21:01:02 CEST 2018] Finished loading texture async.
[Thu Aug 30 21:02:40 CEST 2018] Started loading texture async.
[Thu Aug 30 21:02:40 CEST 2018] Started reading Spell.dbc
[Thu Aug 30 21:02:40 CEST 2018] Finished reading Spell.dbc
[Thu Aug 30 21:02:40 CEST 2018] Started reading Aura.dbc
[Thu Aug 30 21:02:40 CEST 2018] Finished reading Aura.dbc
[Thu Aug 30 21:02:40 CEST 2018] Finished loading texture async.
[Thu Aug 30 21:03:53 CEST 2018] Started loading texture async.
[Thu Aug 30 21:03:53 CEST 2018] Started reading Spell.dbc
[Thu Aug 30 21:03:53 CEST 2018] Finished reading Spell.dbc
[Thu Aug 30 21:03:53 CEST 2018] Started reading Aura.dbc
[Thu Aug 30 21:03:53 CEST 2018] Finished reading Aura.dbc
[Thu Aug 30 21:03:53 CEST 2018] Finished loading texture async.
[Thu Aug 30 21:04:36 CEST 2018] Started loading texture async.
[Thu Aug 30 21:04:36 CEST 2018] Started reading Spell.dbc
[Thu Aug 30 21:04:36 CEST 2018] Finished reading Spell.dbc
[Thu Aug 30 21:04:36 CEST 2018] Started reading Aura.dbc
[Thu Aug 30 21:04:36 CEST 2018] Finished reading Aura.dbc
[Thu Aug 30 21:04:36 CEST 2018] Finished loading texture async.
[Thu Aug 30 21:05:28 CEST 2018] Started loading texture async.
[Thu Aug 30 21:05:28 CEST 2018] Started reading Spell.dbc
[Thu Aug 30 21:05:28 CEST 2018] Finished reading Spell.dbc
[Thu Aug 30 21:05:28 CEST 2018] Started reading Aura.dbc
[Thu Aug 30 21:05:28 CEST 2018] Finished reading Aura.dbc
[Thu Aug 30 21:05:28 CEST 2018] Finished loading texture async.
[Thu Aug 30 21:08:24 CEST 2018] Started loading texture async.
[Thu Aug 30 21:08:24 CEST 2018] Started reading Spell.dbc
[Thu Aug 30 21:08:24 CEST 2018] Finished reading Spell.dbc
[Thu Aug 30 21:08:24 CEST 2018] Started reading Aura.dbc
[Thu Aug 30 21:08:24 CEST 2018] Finished reading Aura.dbc
[Thu Aug 30 21:08:24 CEST 2018] Finished loading texture async.
[Thu Aug 30 21:09:24 CEST 2018] Started loading texture async.
[Thu Aug 30 21:09:24 CEST 2018] Started reading Spell.dbc
[Thu Aug 30 21:09:24 CEST 2018] Finished reading Spell.dbc
[Thu Aug 30 21:09:24 CEST 2018] Started reading Aura.dbc
[Thu Aug 30 21:09:24 CEST 2018] Finished reading Aura.dbc
[Thu Aug 30 21:09:24 CEST 2018] Finished loading texture async.
[Thu Aug 30 21:10:55 CEST 2018] Started loading texture async.
[Thu Aug 30 21:10:55 CEST 2018] Started reading Spell.dbc
[Thu Aug 30 21:10:55 CEST 2018] Finished reading Spell.dbc
[Thu Aug 30 21:10:55 CEST 2018] Started reading Aura.dbc
[Thu Aug 30 21:10:55 CEST 2018] Finished reading Aura.dbc
[Thu Aug 30 21:10:55 CEST 2018] Finished loading texture async.
[Thu Aug 30 21:19:19 CEST 2018] Started loading texture async.
[Thu Aug 30 21:19:19 CEST 2018] Started reading Spell.dbc
[Thu Aug 30 21:19:19 CEST 2018] Finished reading Spell.dbc
[Thu Aug 30 21:19:19 CEST 2018] Started reading Aura.dbc
[Thu Aug 30 21:19:19 CEST 2018] Finished reading Aura.dbc
[Thu Aug 30 21:19:19 CEST 2018] Finished loading texture async.
[Thu Aug 30 21:20:14 CEST 2018] Started loading texture async.
[Thu Aug 30 21:20:14 CEST 2018] Started reading Spell.dbc
[Thu Aug 30 21:20:14 CEST 2018] Finished reading Spell.dbc
[Thu Aug 30 21:20:14 CEST 2018] Started reading Aura.dbc
[Thu Aug 30 21:20:14 CEST 2018] Finished reading Aura.dbc
[Thu Aug 30 21:20:14 CEST 2018] Finished loading texture async.
[Thu Aug 30 21:20:14 CEST 2018] Started loading texture async.
[Thu Aug 30 21:20:14 CEST 2018] Finished loading texture async.
[Fri Aug 31 00:14:34 CEST 2018] Started loading texture async.
[Fri Aug 31 00:14:34 CEST 2018] Started reading Spell.dbc
[Fri Aug 31 00:14:34 CEST 2018] Finished reading Spell.dbc
[Fri Aug 31 00:14:34 CEST 2018] Started reading Aura.dbc
[Fri Aug 31 00:14:34 CEST 2018] Finished reading Aura.dbc
[Fri Aug 31 00:14:34 CEST 2018] Finished loading texture async.
[Mon Sep 03 22:14:51 CEST 2018] Started loading texture async.
[Mon Sep 03 22:14:51 CEST 2018] Started reading Spell.dbc
[Mon Sep 03 22:14:51 CEST 2018] Finished reading Spell.dbc
[Mon Sep 03 22:14:51 CEST 2018] Started reading Aura.dbc
[Mon Sep 03 22:14:51 CEST 2018] Finished reading Aura.dbc
[Mon Sep 03 22:14:51 CEST 2018] Finished loading texture async.
[Mon Sep 03 22:25:02 CEST 2018] Started loading texture async.
[Mon Sep 03 22:25:02 CEST 2018] Started reading Spell.dbc
[Mon Sep 03 22:25:02 CEST 2018] Finished reading Spell.dbc
[Mon Sep 03 22:25:02 CEST 2018] Started reading Aura.dbc
[Mon Sep 03 22:25:02 CEST 2018] Finished reading Aura.dbc
[Mon Sep 03 22:25:02 CEST 2018] Finished loading texture async.
[Mon Sep 03 22:25:56 CEST 2018] Started loading texture async.
[Mon Sep 03 22:25:56 CEST 2018] Started reading Spell.dbc
[Mon Sep 03 22:25:56 CEST 2018] Finished reading Spell.dbc
[Mon Sep 03 22:25:56 CEST 2018] Started reading Aura.dbc
[Mon Sep 03 22:25:56 CEST 2018] Finished reading Aura.dbc
[Mon Sep 03 22:25:56 CEST 2018] Finished loading texture async.
[Mon Sep 03 22:32:40 CEST 2018] Started loading texture async.
[Mon Sep 03 22:32:40 CEST 2018] Started reading Spell.dbc
[Mon Sep 03 22:32:40 CEST 2018] Finished reading Spell.dbc
[Mon Sep 03 22:32:40 CEST 2018] Started reading Aura.dbc
[Mon Sep 03 22:32:40 CEST 2018] Finished reading Aura.dbc
[Mon Sep 03 22:32:40 CEST 2018] Finished loading texture async.
[Wed Sep 05 13:35:01 CEST 2018] Started loading texture async.
[Wed Sep 05 13:35:01 CEST 2018] Finished loading texture async.
[Wed Sep 05 13:35:44 CEST 2018] Started loading texture async.
[Wed Sep 05 13:35:44 CEST 2018] Started reading Spell.dbc
[Wed Sep 05 13:35:44 CEST 2018] Finished reading Spell.dbc
[Wed Sep 05 13:35:44 CEST 2018] Started reading Aura.dbc
[Wed Sep 05 13:35:44 CEST 2018] Finished reading Aura.dbc
[Wed Sep 05 13:35:44 CEST 2018] Finished loading texture async.
[Wed Sep 05 13:49:34 CEST 2018] Started loading texture async.
[Wed Sep 05 13:49:34 CEST 2018] Started reading Spell.dbc
[Wed Sep 05 13:49:34 CEST 2018] Finished reading Spell.dbc
[Wed Sep 05 13:49:34 CEST 2018] Started reading Aura.dbc
[Wed Sep 05 13:49:34 CEST 2018] Finished reading Aura.dbc
[Wed Sep 05 13:49:34 CEST 2018] Finished loading texture async.
[Thu Sep 06 14:03:50 CEST 2018] Started loading texture async.
[Thu Sep 06 14:03:50 CEST 2018] Finished loading texture async.
[Thu Sep 06 14:06:02 CEST 2018] Started loading texture async.
[Thu Sep 06 14:06:02 CEST 2018] Started reading Spell.dbc
[Thu Sep 06 14:06:02 CEST 2018] Finished reading Spell.dbc
[Thu Sep 06 14:06:02 CEST 2018] Started reading Aura.dbc
[Thu Sep 06 14:06:02 CEST 2018] Finished reading Aura.dbc
[Thu Sep 06 14:06:02 CEST 2018] Finished loading texture async.
[Thu Sep 06 14:06:21 CEST 2018] Started loading texture async.
[Thu Sep 06 14:06:21 CEST 2018] Started reading Spell.dbc
[Thu Sep 06 14:06:21 CEST 2018] Finished reading Spell.dbc
[Thu Sep 06 14:06:21 CEST 2018] Started reading Aura.dbc
[Thu Sep 06 14:06:21 CEST 2018] Finished reading Aura.dbc
[Thu Sep 06 14:06:21 CEST 2018] Finished loading texture async.
[Thu Sep 06 14:06:58 CEST 2018] Started loading texture async.
[Thu Sep 06 14:06:58 CEST 2018] Started reading Spell.dbc
[Thu Sep 06 14:06:58 CEST 2018] Finished reading Spell.dbc
[Thu Sep 06 14:06:58 CEST 2018] Started reading Aura.dbc
[Thu Sep 06 14:06:58 CEST 2018] Finished reading Aura.dbc
[Thu Sep 06 14:06:58 CEST 2018] Finished loading texture async.
[Thu Sep 06 14:07:46 CEST 2018] Started loading texture async.
[Thu Sep 06 14:07:46 CEST 2018] Started reading Spell.dbc
[Thu Sep 06 14:07:46 CEST 2018] Finished reading Spell.dbc
[Thu Sep 06 14:07:46 CEST 2018] Started reading Aura.dbc
[Thu Sep 06 14:07:46 CEST 2018] Finished reading Aura.dbc
[Thu Sep 06 14:07:46 CEST 2018] Finished loading texture async.
[Thu Sep 06 14:10:58 CEST 2018] Started loading texture async.
[Thu Sep 06 14:10:58 CEST 2018] Started reading Spell.dbc
[Thu Sep 06 14:10:58 CEST 2018] Finished reading Spell.dbc
[Thu Sep 06 14:10:58 CEST 2018] Started reading Aura.dbc
[Thu Sep 06 14:10:58 CEST 2018] Finished reading Aura.dbc
[Thu Sep 06 14:10:58 CEST 2018] Finished loading texture async.
[Thu Sep 06 14:19:28 CEST 2018] Started loading texture async.
[Thu Sep 06 14:19:28 CEST 2018] Started reading Spell.dbc
[Thu Sep 06 14:19:28 CEST 2018] Finished reading Spell.dbc
[Thu Sep 06 14:19:28 CEST 2018] Started reading Aura.dbc
[Thu Sep 06 14:19:28 CEST 2018] Finished reading Aura.dbc
[Thu Sep 06 14:19:28 CEST 2018] Finished loading texture async.
[Thu Sep 06 14:30:44 CEST 2018] Started loading texture async.
[Thu Sep 06 14:30:44 CEST 2018] Started reading Spell.dbc
[Thu Sep 06 14:30:44 CEST 2018] Finished reading Spell.dbc
[Thu Sep 06 14:30:44 CEST 2018] Started reading Aura.dbc
[Thu Sep 06 14:30:44 CEST 2018] Finished reading Aura.dbc
[Thu Sep 06 14:30:44 CEST 2018] Finished loading texture async.
[Thu Sep 06 14:31:31 CEST 2018] Started loading texture async.
[Thu Sep 06 14:31:31 CEST 2018] Started reading Spell.dbc
[Thu Sep 06 14:31:31 CEST 2018] Finished reading Spell.dbc
[Thu Sep 06 14:31:31 CEST 2018] Started reading Aura.dbc
[Thu Sep 06 14:31:31 CEST 2018] Finished reading Aura.dbc
[Thu Sep 06 14:31:31 CEST 2018] Finished loading texture async.
[Thu Sep 06 14:32:11 CEST 2018] Started loading texture async.
[Thu Sep 06 14:32:11 CEST 2018] Started reading Spell.dbc
[Thu Sep 06 14:32:11 CEST 2018] Finished reading Spell.dbc
[Thu Sep 06 14:32:11 CEST 2018] Started reading Aura.dbc
[Thu Sep 06 14:32:11 CEST 2018] Finished reading Aura.dbc
[Thu Sep 06 14:32:11 CEST 2018] Finished loading texture async.
[Thu Sep 06 14:33:03 CEST 2018] Started loading texture async.
[Thu Sep 06 14:33:03 CEST 2018] Started reading Spell.dbc
[Thu Sep 06 14:33:03 CEST 2018] Finished reading Spell.dbc
[Thu Sep 06 14:33:03 CEST 2018] Started reading Aura.dbc
[Thu Sep 06 14:33:03 CEST 2018] Finished reading Aura.dbc
[Thu Sep 06 14:33:03 CEST 2018] Finished loading texture async.
[Thu Sep 06 17:35:58 CEST 2018] Started loading texture async.
[Thu Sep 06 17:35:58 CEST 2018] Started reading Spell.dbc
[Thu Sep 06 17:35:58 CEST 2018] Finished reading Spell.dbc
[Thu Sep 06 17:35:58 CEST 2018] Started reading Aura.dbc
[Thu Sep 06 17:35:58 CEST 2018] Finished reading Aura.dbc
[Thu Sep 06 17:35:58 CEST 2018] Finished loading texture async.
[Thu Sep 06 17:36:34 CEST 2018] Started loading texture async.
[Thu Sep 06 17:36:34 CEST 2018] Started reading Spell.dbc
[Thu Sep 06 17:36:34 CEST 2018] Finished reading Spell.dbc
[Thu Sep 06 17:36:34 CEST 2018] Started reading Aura.dbc
[Thu Sep 06 17:36:34 CEST 2018] Finished reading Aura.dbc
[Thu Sep 06 17:36:34 CEST 2018] Finished loading texture async.
[Thu Sep 06 17:37:06 CEST 2018] Started loading texture async.
[Thu Sep 06 17:37:06 CEST 2018] Started reading Spell.dbc
[Thu Sep 06 17:37:06 CEST 2018] Finished reading Spell.dbc
[Thu Sep 06 17:37:06 CEST 2018] Started reading Aura.dbc
[Thu Sep 06 17:37:06 CEST 2018] Finished reading Aura.dbc
[Thu Sep 06 17:37:06 CEST 2018] Finished loading texture async.
[Thu Sep 06 17:38:21 CEST 2018] Started loading texture async.
[Thu Sep 06 17:38:21 CEST 2018] Started reading Spell.dbc
[Thu Sep 06 17:38:21 CEST 2018] Finished reading Spell.dbc
[Thu Sep 06 17:38:21 CEST 2018] Started reading Aura.dbc
[Thu Sep 06 17:38:21 CEST 2018] Finished reading Aura.dbc
[Thu Sep 06 17:38:21 CEST 2018] Finished loading texture async.
[Thu Sep 06 17:39:56 CEST 2018] Started loading texture async.
[Thu Sep 06 17:39:56 CEST 2018] Started reading Spell.dbc
[Thu Sep 06 17:39:56 CEST 2018] Finished reading Spell.dbc
[Thu Sep 06 17:39:56 CEST 2018] Started reading Aura.dbc
[Thu Sep 06 17:39:56 CEST 2018] Finished reading Aura.dbc
[Thu Sep 06 17:39:56 CEST 2018] Finished loading texture async.
[Thu Sep 06 17:40:34 CEST 2018] Started loading texture async.
[Thu Sep 06 17:40:34 CEST 2018] Started reading Spell.dbc
[Thu Sep 06 17:40:34 CEST 2018] Finished reading Spell.dbc
[Thu Sep 06 17:40:34 CEST 2018] Started reading Aura.dbc
[Thu Sep 06 17:40:34 CEST 2018] Finished reading Aura.dbc
[Thu Sep 06 17:40:34 CEST 2018] Finished loading texture async.
[Thu Sep 06 17:43:16 CEST 2018] Started loading texture async.
[Thu Sep 06 17:43:16 CEST 2018] Started reading Spell.dbc
[Thu Sep 06 17:43:16 CEST 2018] Finished reading Spell.dbc
[Thu Sep 06 17:43:16 CEST 2018] Started reading Aura.dbc
[Thu Sep 06 17:43:16 CEST 2018] Finished reading Aura.dbc
[Thu Sep 06 17:43:16 CEST 2018] Finished loading texture async.
[Thu Sep 06 17:46:41 CEST 2018] Started loading texture async.
[Thu Sep 06 17:46:41 CEST 2018] Started reading Spell.dbc
[Thu Sep 06 17:46:41 CEST 2018] Finished reading Spell.dbc
[Thu Sep 06 17:46:41 CEST 2018] Started reading Aura.dbc
[Thu Sep 06 17:46:41 CEST 2018] Finished reading Aura.dbc
[Thu Sep 06 17:46:41 CEST 2018] Finished loading texture async.
[Thu Sep 06 17:49:32 CEST 2018] Started loading texture async.
[Thu Sep 06 17:49:32 CEST 2018] Started reading Spell.dbc
[Thu Sep 06 17:49:32 CEST 2018] Finished reading Spell.dbc
[Thu Sep 06 17:49:32 CEST 2018] Started reading Aura.dbc
[Thu Sep 06 17:49:32 CEST 2018] Finished reading Aura.dbc
[Thu Sep 06 17:49:32 CEST 2018] Finished loading texture async.
[Thu Sep 06 17:49:58 CEST 2018] Started loading texture async.
[Thu Sep 06 17:49:58 CEST 2018] Started reading Spell.dbc
[Thu Sep 06 17:49:58 CEST 2018] Finished reading Spell.dbc
[Thu Sep 06 17:49:58 CEST 2018] Started reading Aura.dbc
[Thu Sep 06 17:49:58 CEST 2018] Finished reading Aura.dbc
[Thu Sep 06 17:49:58 CEST 2018] Finished loading texture async.
[Thu Sep 06 17:53:51 CEST 2018] Started loading texture async.
[Thu Sep 06 17:53:51 CEST 2018] Started reading Spell.dbc
[Thu Sep 06 17:53:51 CEST 2018] Finished reading Spell.dbc
[Thu Sep 06 17:53:51 CEST 2018] Started reading Aura.dbc
[Thu Sep 06 17:53:51 CEST 2018] Finished reading Aura.dbc
[Thu Sep 06 17:53:51 CEST 2018] Finished loading texture async.
[Thu Sep 06 17:54:57 CEST 2018] Started loading texture async.
[Thu Sep 06 17:54:57 CEST 2018] Started reading Spell.dbc
[Thu Sep 06 17:54:57 CEST 2018] Finished reading Spell.dbc
[Thu Sep 06 17:54:57 CEST 2018] Started reading Aura.dbc
[Thu Sep 06 17:54:57 CEST 2018] Finished reading Aura.dbc
[Thu Sep 06 17:54:57 CEST 2018] Finished loading texture async.
[Thu Sep 06 17:56:10 CEST 2018] Started loading texture async.
[Thu Sep 06 17:56:10 CEST 2018] Started reading Spell.dbc
[Thu Sep 06 17:56:10 CEST 2018] Finished reading Spell.dbc
[Thu Sep 06 17:56:10 CEST 2018] Started reading Aura.dbc
[Thu Sep 06 17:56:10 CEST 2018] Finished reading Aura.dbc
[Thu Sep 06 17:56:10 CEST 2018] Finished loading texture async.
[Thu Sep 06 18:52:40 CEST 2018] Started loading texture async.
[Thu Sep 06 18:52:40 CEST 2018] Started reading Spell.dbc
[Thu Sep 06 18:52:40 CEST 2018] Finished reading Spell.dbc
[Thu Sep 06 18:52:40 CEST 2018] Started reading Aura.dbc
[Thu Sep 06 18:52:40 CEST 2018] Finished reading Aura.dbc
[Thu Sep 06 18:52:40 CEST 2018] Finished loading texture async.
[Thu Sep 06 18:55:02 CEST 2018] Started loading texture async.
[Thu Sep 06 18:55:02 CEST 2018] Started reading Spell.dbc
[Thu Sep 06 18:55:02 CEST 2018] Finished reading Spell.dbc
[Thu Sep 06 18:55:02 CEST 2018] Started reading Aura.dbc
[Thu Sep 06 18:55:02 CEST 2018] Finished reading Aura.dbc
[Thu Sep 06 18:55:02 CEST 2018] Finished loading texture async.
[Thu Sep 06 18:56:25 CEST 2018] Started loading texture async.
[Thu Sep 06 18:56:25 CEST 2018] Started reading Spell.dbc
[Thu Sep 06 18:56:25 CEST 2018] Finished reading Spell.dbc
[Thu Sep 06 18:56:25 CEST 2018] Started reading Aura.dbc
[Thu Sep 06 18:56:25 CEST 2018] Finished reading Aura.dbc
[Thu Sep 06 18:56:25 CEST 2018] Finished loading texture async.
[Thu Sep 06 18:57:15 CEST 2018] Started loading texture async.
[Thu Sep 06 18:57:15 CEST 2018] Started reading Spell.dbc
[Thu Sep 06 18:57:15 CEST 2018] Finished reading Spell.dbc
[Thu Sep 06 18:57:15 CEST 2018] Started reading Aura.dbc
[Thu Sep 06 18:57:15 CEST 2018] Finished reading Aura.dbc
[Thu Sep 06 18:57:15 CEST 2018] Finished loading texture async.
[Thu Sep 06 18:57:57 CEST 2018] Started loading texture async.
[Thu Sep 06 18:57:57 CEST 2018] Started reading Spell.dbc
[Thu Sep 06 18:57:57 CEST 2018] Finished reading Spell.dbc
[Thu Sep 06 18:57:57 CEST 2018] Started reading Aura.dbc
[Thu Sep 06 18:57:57 CEST 2018] Finished reading Aura.dbc
[Thu Sep 06 18:57:57 CEST 2018] Finished loading texture async.
[Thu Sep 06 18:58:33 CEST 2018] Started loading texture async.
[Thu Sep 06 18:58:33 CEST 2018] Started reading Spell.dbc
[Thu Sep 06 18:58:33 CEST 2018] Finished reading Spell.dbc
[Thu Sep 06 18:58:33 CEST 2018] Started reading Aura.dbc
[Thu Sep 06 18:58:33 CEST 2018] Finished reading Aura.dbc
[Thu Sep 06 18:58:33 CEST 2018] Finished loading texture async.
[Thu Sep 06 18:59:19 CEST 2018] Started loading texture async.
[Thu Sep 06 18:59:19 CEST 2018] Started reading Spell.dbc
[Thu Sep 06 18:59:19 CEST 2018] Finished reading Spell.dbc
[Thu Sep 06 18:59:19 CEST 2018] Started reading Aura.dbc
[Thu Sep 06 18:59:19 CEST 2018] Finished reading Aura.dbc
[Thu Sep 06 18:59:19 CEST 2018] Finished loading texture async.
[Thu Sep 06 19:01:31 CEST 2018] Started loading texture async.
[Thu Sep 06 19:01:31 CEST 2018] Started reading Spell.dbc
[Thu Sep 06 19:01:31 CEST 2018] Finished reading Spell.dbc
[Thu Sep 06 19:01:31 CEST 2018] Started reading Aura.dbc
[Thu Sep 06 19:01:31 CEST 2018] Finished reading Aura.dbc
[Thu Sep 06 19:01:31 CEST 2018] Finished loading texture async.
[Thu Sep 06 19:02:14 CEST 2018] Started loading texture async.
[Thu Sep 06 19:02:14 CEST 2018] Started reading Spell.dbc
[Thu Sep 06 19:02:14 CEST 2018] Finished reading Spell.dbc
[Thu Sep 06 19:02:14 CEST 2018] Started reading Aura.dbc
[Thu Sep 06 19:02:14 CEST 2018] Finished reading Aura.dbc
[Thu Sep 06 19:02:14 CEST 2018] Finished loading texture async.
[Thu Sep 06 19:03:26 CEST 2018] Started loading texture async.
[Thu Sep 06 19:03:26 CEST 2018] Started reading Spell.dbc
[Thu Sep 06 19:03:26 CEST 2018] Finished reading Spell.dbc
[Thu Sep 06 19:03:26 CEST 2018] Started reading Aura.dbc
[Thu Sep 06 19:03:26 CEST 2018] Finished reading Aura.dbc
[Thu Sep 06 19:03:26 CEST 2018] Finished loading texture async.
[Thu Sep 06 19:14:42 CEST 2018] Started loading texture async.
[Thu Sep 06 19:14:42 CEST 2018] Started reading Spell.dbc
[Thu Sep 06 19:14:42 CEST 2018] Finished reading Spell.dbc
[Thu Sep 06 19:14:42 CEST 2018] Started reading Aura.dbc
[Thu Sep 06 19:14:42 CEST 2018] Finished reading Aura.dbc
[Thu Sep 06 19:14:42 CEST 2018] Finished loading texture async.
[Thu Sep 06 19:16:40 CEST 2018] Started loading texture async.
[Thu Sep 06 19:16:40 CEST 2018] Started reading Spell.dbc
[Thu Sep 06 19:16:40 CEST 2018] Finished reading Spell.dbc
[Thu Sep 06 19:16:40 CEST 2018] Started reading Aura.dbc
[Thu Sep 06 19:16:40 CEST 2018] Finished reading Aura.dbc
[Thu Sep 06 19:16:40 CEST 2018] Finished loading texture async.
[Thu Sep 06 19:19:01 CEST 2018] Started loading texture async.
[Thu Sep 06 19:19:01 CEST 2018] Started reading Spell.dbc
[Thu Sep 06 19:19:01 CEST 2018] Finished reading Spell.dbc
[Thu Sep 06 19:19:01 CEST 2018] Started reading Aura.dbc
[Thu Sep 06 19:19:01 CEST 2018] Finished reading Aura.dbc
[Thu Sep 06 19:19:01 CEST 2018] Finished loading texture async.
[Thu Sep 06 19:20:09 CEST 2018] Started loading texture async.
[Thu Sep 06 19:20:09 CEST 2018] Started reading Spell.dbc
[Thu Sep 06 19:20:09 CEST 2018] Finished reading Spell.dbc
[Thu Sep 06 19:20:09 CEST 2018] Started reading Aura.dbc
[Thu Sep 06 19:20:09 CEST 2018] Finished reading Aura.dbc
[Thu Sep 06 19:20:09 CEST 2018] Finished loading texture async.
[Thu Sep 06 19:35:17 CEST 2018] Started loading texture async.
[Thu Sep 06 19:35:17 CEST 2018] Started reading Spell.dbc
[Thu Sep 06 19:35:17 CEST 2018] Finished reading Spell.dbc
[Thu Sep 06 19:35:17 CEST 2018] Started reading Aura.dbc
[Thu Sep 06 19:35:17 CEST 2018] Finished reading Aura.dbc
[Thu Sep 06 19:35:17 CEST 2018] Finished loading texture async.
[Thu Sep 06 19:43:15 CEST 2018] Started loading texture async.
[Thu Sep 06 19:43:15 CEST 2018] Started reading Spell.dbc
[Thu Sep 06 19:43:15 CEST 2018] Finished reading Spell.dbc
[Thu Sep 06 19:43:15 CEST 2018] Started reading Aura.dbc
[Thu Sep 06 19:43:15 CEST 2018] Finished reading Aura.dbc
[Thu Sep 06 19:43:15 CEST 2018] Finished loading texture async.
[Thu Sep 06 19:45:41 CEST 2018] Started loading texture async.
[Thu Sep 06 19:45:41 CEST 2018] Started reading Spell.dbc
[Thu Sep 06 19:45:41 CEST 2018] Finished reading Spell.dbc
[Thu Sep 06 19:45:41 CEST 2018] Started reading Aura.dbc
[Thu Sep 06 19:45:41 CEST 2018] Finished reading Aura.dbc
[Thu Sep 06 19:45:41 CEST 2018] Finished loading texture async.
[Thu Sep 06 19:46:21 CEST 2018] Started loading texture async.
[Thu Sep 06 19:46:21 CEST 2018] Started reading Spell.dbc
[Thu Sep 06 19:46:21 CEST 2018] Finished reading Spell.dbc
[Thu Sep 06 19:46:21 CEST 2018] Started reading Aura.dbc
[Thu Sep 06 19:46:21 CEST 2018] Finished reading Aura.dbc
[Thu Sep 06 19:46:21 CEST 2018] Finished loading texture async.
[Thu Sep 06 19:47:30 CEST 2018] Started loading texture async.
[Thu Sep 06 19:47:30 CEST 2018] Started reading Spell.dbc
[Thu Sep 06 19:47:30 CEST 2018] Finished reading Spell.dbc
[Thu Sep 06 19:47:30 CEST 2018] Started reading Aura.dbc
[Thu Sep 06 19:47:30 CEST 2018] Finished reading Aura.dbc
[Thu Sep 06 19:47:30 CEST 2018] Finished loading texture async.
[Thu Sep 06 19:48:57 CEST 2018] Started loading texture async.
[Thu Sep 06 19:48:57 CEST 2018] Started reading Spell.dbc
[Thu Sep 06 19:48:57 CEST 2018] Finished reading Spell.dbc
[Thu Sep 06 19:48:57 CEST 2018] Started reading Aura.dbc
[Thu Sep 06 19:48:57 CEST 2018] Finished reading Aura.dbc
[Thu Sep 06 19:48:57 CEST 2018] Finished loading texture async.
[Thu Sep 06 19:50:16 CEST 2018] Started loading texture async.
[Thu Sep 06 19:50:16 CEST 2018] Started reading Spell.dbc
[Thu Sep 06 19:50:16 CEST 2018] Finished reading Spell.dbc
[Thu Sep 06 19:50:16 CEST 2018] Started reading Aura.dbc
[Thu Sep 06 19:50:16 CEST 2018] Finished reading Aura.dbc
[Thu Sep 06 19:50:16 CEST 2018] Finished loading texture async.
[Thu Sep 06 19:52:59 CEST 2018] Started loading texture async.
[Thu Sep 06 19:52:59 CEST 2018] Started reading Spell.dbc
[Thu Sep 06 19:52:59 CEST 2018] Finished reading Spell.dbc
[Thu Sep 06 19:52:59 CEST 2018] Started reading Aura.dbc
[Thu Sep 06 19:52:59 CEST 2018] Finished reading Aura.dbc
[Thu Sep 06 19:52:59 CEST 2018] Finished loading texture async.
[Thu Sep 06 19:53:33 CEST 2018] Started loading texture async.
[Thu Sep 06 19:53:33 CEST 2018] Started reading Spell.dbc
[Thu Sep 06 19:53:33 CEST 2018] Finished reading Spell.dbc
[Thu Sep 06 19:53:33 CEST 2018] Started reading Aura.dbc
[Thu Sep 06 19:53:33 CEST 2018] Finished reading Aura.dbc
[Thu Sep 06 19:53:33 CEST 2018] Finished loading texture async.
[Thu Sep 06 19:54:09 CEST 2018] Started loading texture async.
[Thu Sep 06 19:54:09 CEST 2018] Started reading Spell.dbc
[Thu Sep 06 19:54:09 CEST 2018] Finished reading Spell.dbc
[Thu Sep 06 19:54:09 CEST 2018] Started reading Aura.dbc
[Thu Sep 06 19:54:09 CEST 2018] Finished reading Aura.dbc
[Thu Sep 06 19:54:09 CEST 2018] Finished loading texture async.
[Thu Sep 06 19:55:09 CEST 2018] Started loading texture async.
[Thu Sep 06 19:55:09 CEST 2018] Started reading Spell.dbc
[Thu Sep 06 19:55:09 CEST 2018] Finished reading Spell.dbc
[Thu Sep 06 19:55:09 CEST 2018] Started reading Aura.dbc
[Thu Sep 06 19:55:09 CEST 2018] Finished reading Aura.dbc
[Thu Sep 06 19:55:09 CEST 2018] Finished loading texture async.
[Thu Sep 06 19:55:29 CEST 2018] Started loading texture async.
[Thu Sep 06 19:55:29 CEST 2018] Started reading Spell.dbc
[Thu Sep 06 19:55:29 CEST 2018] Finished reading Spell.dbc
[Thu Sep 06 19:55:29 CEST 2018] Started reading Aura.dbc
[Thu Sep 06 19:55:29 CEST 2018] Finished reading Aura.dbc
[Thu Sep 06 19:55:29 CEST 2018] Finished loading texture async.
[Thu Sep 06 19:56:34 CEST 2018] Started loading texture async.
[Thu Sep 06 19:56:34 CEST 2018] Started reading Spell.dbc
[Thu Sep 06 19:56:34 CEST 2018] Finished reading Spell.dbc
[Thu Sep 06 19:56:34 CEST 2018] Started reading Aura.dbc
[Thu Sep 06 19:56:34 CEST 2018] Finished reading Aura.dbc
[Thu Sep 06 19:56:34 CEST 2018] Finished loading texture async.
[Thu Sep 06 20:00:01 CEST 2018] Started loading texture async.
[Thu Sep 06 20:00:01 CEST 2018] Started reading Spell.dbc
[Thu Sep 06 20:00:01 CEST 2018] Finished reading Spell.dbc
[Thu Sep 06 20:00:01 CEST 2018] Started reading Aura.dbc
[Thu Sep 06 20:00:01 CEST 2018] Finished reading Aura.dbc
[Thu Sep 06 20:00:01 CEST 2018] Finished loading texture async.
[Thu Sep 06 20:02:12 CEST 2018] Started loading texture async.
[Thu Sep 06 20:02:12 CEST 2018] Started reading Spell.dbc
[Thu Sep 06 20:02:12 CEST 2018] Finished reading Spell.dbc
[Thu Sep 06 20:02:12 CEST 2018] Started reading Aura.dbc
[Thu Sep 06 20:02:12 CEST 2018] Finished reading Aura.dbc
[Thu Sep 06 20:02:12 CEST 2018] Finished loading texture async.
[Thu Sep 06 20:07:42 CEST 2018] Started loading texture async.
[Thu Sep 06 20:07:42 CEST 2018] Finished loading texture async.
[Thu Sep 06 20:08:31 CEST 2018] Started loading texture async.
[Thu Sep 06 20:08:31 CEST 2018] Started reading Spell.dbc
[Thu Sep 06 20:08:31 CEST 2018] Finished reading Spell.dbc
[Thu Sep 06 20:08:31 CEST 2018] Started reading Aura.dbc
[Thu Sep 06 20:08:31 CEST 2018] Finished reading Aura.dbc
[Thu Sep 06 20:08:31 CEST 2018] Finished loading texture async.
[Thu Sep 06 20:10:09 CEST 2018] Started loading texture async.
[Thu Sep 06 20:10:09 CEST 2018] Started reading Spell.dbc
[Thu Sep 06 20:10:09 CEST 2018] Finished reading Spell.dbc
[Thu Sep 06 20:10:09 CEST 2018] Started reading Aura.dbc
[Thu Sep 06 20:10:09 CEST 2018] Finished reading Aura.dbc
[Thu Sep 06 20:10:09 CEST 2018] Finished loading texture async.
[Thu Sep 06 20:10:39 CEST 2018] Started loading texture async.
[Thu Sep 06 20:10:39 CEST 2018] Started reading Spell.dbc
[Thu Sep 06 20:10:39 CEST 2018] Finished reading Spell.dbc
[Thu Sep 06 20:10:39 CEST 2018] Started reading Aura.dbc
[Thu Sep 06 20:10:39 CEST 2018] Finished reading Aura.dbc
[Thu Sep 06 20:10:39 CEST 2018] Finished loading texture async.
[Thu Sep 06 20:12:15 CEST 2018] Started loading texture async.
[Thu Sep 06 20:12:15 CEST 2018] Started reading Spell.dbc
[Thu Sep 06 20:12:15 CEST 2018] Finished reading Spell.dbc
[Thu Sep 06 20:12:15 CEST 2018] Started reading Aura.dbc
[Thu Sep 06 20:12:15 CEST 2018] Finished reading Aura.dbc
[Thu Sep 06 20:12:15 CEST 2018] Finished loading texture async.
[Thu Sep 06 20:13:28 CEST 2018] Started loading texture async.
[Thu Sep 06 20:13:28 CEST 2018] Started reading Spell.dbc
[Thu Sep 06 20:13:28 CEST 2018] Finished reading Spell.dbc
[Thu Sep 06 20:13:28 CEST 2018] Started reading Aura.dbc
[Thu Sep 06 20:13:28 CEST 2018] Finished reading Aura.dbc
[Thu Sep 06 20:13:28 CEST 2018] Finished loading texture async.
[Thu Sep 06 20:16:58 CEST 2018] Started loading texture async.
[Thu Sep 06 20:16:58 CEST 2018] Started reading Spell.dbc
[Thu Sep 06 20:16:58 CEST 2018] Finished reading Spell.dbc
[Thu Sep 06 20:16:58 CEST 2018] Started reading Aura.dbc
[Thu Sep 06 20:16:58 CEST 2018] Finished reading Aura.dbc
[Thu Sep 06 20:16:58 CEST 2018] Finished loading texture async.
[Thu Sep 06 20:18:18 CEST 2018] Started loading texture async.
[Thu Sep 06 20:18:18 CEST 2018] Started reading Spell.dbc
[Thu Sep 06 20:18:18 CEST 2018] Finished reading Spell.dbc
[Thu Sep 06 20:18:18 CEST 2018] Started reading Aura.dbc
[Thu Sep 06 20:18:18 CEST 2018] Finished reading Aura.dbc
[Thu Sep 06 20:18:18 CEST 2018] Finished loading texture async.
[Thu Sep 06 20:19:03 CEST 2018] Started loading texture async.
[Thu Sep 06 20:19:03 CEST 2018] Started reading Spell.dbc
[Thu Sep 06 20:19:03 CEST 2018] Finished reading Spell.dbc
[Thu Sep 06 20:19:03 CEST 2018] Started reading Aura.dbc
[Thu Sep 06 20:19:03 CEST 2018] Finished reading Aura.dbc
[Thu Sep 06 20:19:03 CEST 2018] Finished loading texture async.
[Thu Sep 06 20:19:24 CEST 2018] Started loading texture async.
[Thu Sep 06 20:19:24 CEST 2018] Started reading Spell.dbc
[Thu Sep 06 20:19:24 CEST 2018] Finished reading Spell.dbc
[Thu Sep 06 20:19:24 CEST 2018] Started reading Aura.dbc
[Thu Sep 06 20:19:24 CEST 2018] Finished reading Aura.dbc
[Thu Sep 06 20:19:24 CEST 2018] Finished loading texture async.
[Thu Sep 06 20:19:55 CEST 2018] Started loading texture async.
[Thu Sep 06 20:19:55 CEST 2018] Started reading Spell.dbc
[Thu Sep 06 20:19:55 CEST 2018] Finished reading Spell.dbc
[Thu Sep 06 20:19:55 CEST 2018] Started reading Aura.dbc
[Thu Sep 06 20:19:55 CEST 2018] Finished reading Aura.dbc
[Thu Sep 06 20:19:55 CEST 2018] Finished loading texture async.
[Thu Sep 06 20:21:02 CEST 2018] Started loading texture async.
[Thu Sep 06 20:21:02 CEST 2018] Started reading Spell.dbc
[Thu Sep 06 20:21:02 CEST 2018] Finished reading Spell.dbc
[Thu Sep 06 20:21:02 CEST 2018] Started reading Aura.dbc
[Thu Sep 06 20:21:02 CEST 2018] Finished reading Aura.dbc
[Thu Sep 06 20:21:02 CEST 2018] Finished loading texture async.
[Thu Sep 06 20:21:23 CEST 2018] Started loading texture async.
[Thu Sep 06 20:21:23 CEST 2018] Started reading Spell.dbc
[Thu Sep 06 20:21:23 CEST 2018] Finished reading Spell.dbc
[Thu Sep 06 20:21:23 CEST 2018] Started reading Aura.dbc
[Thu Sep 06 20:21:23 CEST 2018] Finished reading Aura.dbc
[Thu Sep 06 20:21:23 CEST 2018] Finished loading texture async.
[Thu Sep 06 20:21:56 CEST 2018] Started loading texture async.
[Thu Sep 06 20:21:56 CEST 2018] Started reading Spell.dbc
[Thu Sep 06 20:21:56 CEST 2018] Finished reading Spell.dbc
[Thu Sep 06 20:21:56 CEST 2018] Started reading Aura.dbc
[Thu Sep 06 20:21:56 CEST 2018] Finished reading Aura.dbc
[Thu Sep 06 20:21:56 CEST 2018] Finished loading texture async.
[Thu Sep 06 20:23:08 CEST 2018] Started loading texture async.
[Thu Sep 06 20:23:08 CEST 2018] Started reading Spell.dbc
[Thu Sep 06 20:23:08 CEST 2018] Finished reading Spell.dbc
[Thu Sep 06 20:23:08 CEST 2018] Started reading Aura.dbc
[Thu Sep 06 20:23:08 CEST 2018] Finished reading Aura.dbc
[Thu Sep 06 20:23:08 CEST 2018] Finished loading texture async.
[Thu Sep 06 20:24:21 CEST 2018] Started loading texture async.
[Thu Sep 06 20:24:21 CEST 2018] Started reading Spell.dbc
[Thu Sep 06 20:24:21 CEST 2018] Finished reading Spell.dbc
[Thu Sep 06 20:24:21 CEST 2018] Started reading Aura.dbc
[Thu Sep 06 20:24:21 CEST 2018] Finished reading Aura.dbc
[Thu Sep 06 20:24:21 CEST 2018] Finished loading texture async.
[Thu Sep 06 20:25:34 CEST 2018] Started loading texture async.
[Thu Sep 06 20:25:34 CEST 2018] Started reading Spell.dbc
[Thu Sep 06 20:25:34 CEST 2018] Finished reading Spell.dbc
[Thu Sep 06 20:25:34 CEST 2018] Started reading Aura.dbc
[Thu Sep 06 20:25:34 CEST 2018] Finished reading Aura.dbc
[Thu Sep 06 20:25:34 CEST 2018] Finished loading texture async.
[Thu Sep 06 20:26:24 CEST 2018] Started loading texture async.
[Thu Sep 06 20:26:24 CEST 2018] Started reading Spell.dbc
[Thu Sep 06 20:26:24 CEST 2018] Finished reading Spell.dbc
[Thu Sep 06 20:26:24 CEST 2018] Started reading Aura.dbc
[Thu Sep 06 20:26:24 CEST 2018] Finished reading Aura.dbc
[Thu Sep 06 20:26:24 CEST 2018] Finished loading texture async.
[Thu Sep 06 20:27:12 CEST 2018] Started loading texture async.
[Thu Sep 06 20:27:12 CEST 2018] Started reading Spell.dbc
[Thu Sep 06 20:27:12 CEST 2018] Finished reading Spell.dbc
[Thu Sep 06 20:27:12 CEST 2018] Started reading Aura.dbc
[Thu Sep 06 20:27:12 CEST 2018] Finished reading Aura.dbc
[Thu Sep 06 20:27:12 CEST 2018] Finished loading texture async.
[Thu Sep 06 20:32:50 CEST 2018] Started loading texture async.
[Thu Sep 06 20:32:50 CEST 2018] Started reading Spell.dbc
[Thu Sep 06 20:32:50 CEST 2018] Finished reading Spell.dbc
[Thu Sep 06 20:32:50 CEST 2018] Started reading Aura.dbc
[Thu Sep 06 20:32:50 CEST 2018] Finished reading Aura.dbc
[Thu Sep 06 20:32:50 CEST 2018] Finished loading texture async.
[Thu Sep 06 20:35:56 CEST 2018] Started loading texture async.
[Thu Sep 06 20:35:56 CEST 2018] Started reading Spell.dbc
[Thu Sep 06 20:35:56 CEST 2018] Finished reading Spell.dbc
[Thu Sep 06 20:35:56 CEST 2018] Started reading Aura.dbc
[Thu Sep 06 20:35:56 CEST 2018] Finished reading Aura.dbc
[Thu Sep 06 20:35:56 CEST 2018] Finished loading texture async.
[Thu Sep 06 20:40:05 CEST 2018] Started loading texture async.
[Thu Sep 06 20:40:05 CEST 2018] Started reading Spell.dbc
[Thu Sep 06 20:40:05 CEST 2018] Finished reading Spell.dbc
[Thu Sep 06 20:40:05 CEST 2018] Started reading Aura.dbc
[Thu Sep 06 20:40:05 CEST 2018] Finished reading Aura.dbc
[Thu Sep 06 20:40:05 CEST 2018] Finished loading texture async.
[Thu Sep 06 20:40:43 CEST 2018] Started loading texture async.
[Thu Sep 06 20:40:43 CEST 2018] Started reading Spell.dbc
[Thu Sep 06 20:40:43 CEST 2018] Finished reading Spell.dbc
[Thu Sep 06 20:40:43 CEST 2018] Started reading Aura.dbc
[Thu Sep 06 20:40:43 CEST 2018] Finished reading Aura.dbc
[Thu Sep 06 20:40:43 CEST 2018] Finished loading texture async.
[Thu Sep 06 20:42:44 CEST 2018] Started loading texture async.
[Thu Sep 06 20:42:44 CEST 2018] Started reading Spell.dbc
[Thu Sep 06 20:42:44 CEST 2018] Finished reading Spell.dbc
[Thu Sep 06 20:42:44 CEST 2018] Started reading Aura.dbc
[Thu Sep 06 20:42:44 CEST 2018] Finished reading Aura.dbc
[Thu Sep 06 20:42:44 CEST 2018] Finished loading texture async.
[Thu Sep 06 20:44:37 CEST 2018] Started loading texture async.
[Thu Sep 06 20:44:37 CEST 2018] Started reading Spell.dbc
[Thu Sep 06 20:44:37 CEST 2018] Finished reading Spell.dbc
[Thu Sep 06 20:44:37 CEST 2018] Started reading Aura.dbc
[Thu Sep 06 20:44:37 CEST 2018] Finished reading Aura.dbc
[Thu Sep 06 20:44:37 CEST 2018] Finished loading texture async.
[Thu Sep 06 20:45:15 CEST 2018] Started loading texture async.
[Thu Sep 06 20:45:15 CEST 2018] Started reading Spell.dbc
[Thu Sep 06 20:45:15 CEST 2018] Finished reading Spell.dbc
[Thu Sep 06 20:45:15 CEST 2018] Started reading Aura.dbc
[Thu Sep 06 20:45:15 CEST 2018] Finished reading Aura.dbc
[Thu Sep 06 20:45:15 CEST 2018] Finished loading texture async.
[Thu Sep 06 20:46:08 CEST 2018] Started loading texture async.
[Thu Sep 06 20:46:08 CEST 2018] Started reading Spell.dbc
[Thu Sep 06 20:46:08 CEST 2018] Finished reading Spell.dbc
[Thu Sep 06 20:46:08 CEST 2018] Started reading Aura.dbc
[Thu Sep 06 20:46:08 CEST 2018] Finished reading Aura.dbc
[Thu Sep 06 20:46:08 CEST 2018] Finished loading texture async.
[Thu Sep 06 20:46:32 CEST 2018] Started loading texture async.
[Thu Sep 06 20:46:32 CEST 2018] Started reading Spell.dbc
[Thu Sep 06 20:46:32 CEST 2018] Finished reading Spell.dbc
[Thu Sep 06 20:46:32 CEST 2018] Started reading Aura.dbc
[Thu Sep 06 20:46:32 CEST 2018] Finished reading Aura.dbc
[Thu Sep 06 20:46:32 CEST 2018] Finished loading texture async.
[Thu Sep 06 20:46:49 CEST 2018] Started loading texture async.
[Thu Sep 06 20:46:49 CEST 2018] Started reading Spell.dbc
[Thu Sep 06 20:46:49 CEST 2018] Finished reading Spell.dbc
[Thu Sep 06 20:46:49 CEST 2018] Started reading Aura.dbc
[Thu Sep 06 20:46:49 CEST 2018] Finished reading Aura.dbc
[Thu Sep 06 20:46:49 CEST 2018] Finished loading texture async.
[Fri Sep 07 11:49:09 CEST 2018] Started loading texture async.
[Fri Sep 07 11:49:09 CEST 2018] Started reading Spell.dbc
[Fri Sep 07 11:49:09 CEST 2018] Finished reading Spell.dbc
[Fri Sep 07 11:49:09 CEST 2018] Started reading Aura.dbc
[Fri Sep 07 11:49:09 CEST 2018] Finished reading Aura.dbc
[Fri Sep 07 11:49:09 CEST 2018] Finished loading texture async.
[Fri Sep 07 11:49:39 CEST 2018] Started loading texture async.
[Fri Sep 07 11:49:39 CEST 2018] Started reading Spell.dbc
[Fri Sep 07 11:49:39 CEST 2018] Finished reading Spell.dbc
[Fri Sep 07 11:49:39 CEST 2018] Started reading Aura.dbc
[Fri Sep 07 11:49:39 CEST 2018] Finished reading Aura.dbc
[Fri Sep 07 11:49:39 CEST 2018] Finished loading texture async.
[Fri Sep 07 11:50:27 CEST 2018] Started loading texture async.
[Fri Sep 07 11:50:27 CEST 2018] Started reading Spell.dbc
[Fri Sep 07 11:50:27 CEST 2018] Finished reading Spell.dbc
[Fri Sep 07 11:50:27 CEST 2018] Started reading Aura.dbc
[Fri Sep 07 11:50:27 CEST 2018] Finished reading Aura.dbc
[Fri Sep 07 11:50:27 CEST 2018] Finished loading texture async.
[Fri Sep 07 11:53:14 CEST 2018] Started loading texture async.
[Fri Sep 07 11:53:14 CEST 2018] Started reading Spell.dbc
[Fri Sep 07 11:53:14 CEST 2018] Finished reading Spell.dbc
[Fri Sep 07 11:53:14 CEST 2018] Started reading Aura.dbc
[Fri Sep 07 11:53:14 CEST 2018] Finished reading Aura.dbc
[Fri Sep 07 11:53:14 CEST 2018] Finished loading texture async.
[Fri Sep 07 11:53:33 CEST 2018] Started loading texture async.
[Fri Sep 07 11:53:33 CEST 2018] Started reading Spell.dbc
[Fri Sep 07 11:53:33 CEST 2018] Finished reading Spell.dbc
[Fri Sep 07 11:53:33 CEST 2018] Started reading Aura.dbc
[Fri Sep 07 11:53:33 CEST 2018] Finished reading Aura.dbc
[Fri Sep 07 11:53:33 CEST 2018] Finished loading texture async.
[Fri Sep 07 12:30:54 CEST 2018] Started loading texture async.
[Fri Sep 07 12:30:54 CEST 2018] Started reading Spell.dbc
[Fri Sep 07 12:30:54 CEST 2018] Finished reading Spell.dbc
[Fri Sep 07 12:30:54 CEST 2018] Started reading Aura.dbc
[Fri Sep 07 12:30:54 CEST 2018] Finished reading Aura.dbc
[Fri Sep 07 12:30:54 CEST 2018] Finished loading texture async.
[Fri Sep 07 12:32:51 CEST 2018] Started loading texture async.
[Fri Sep 07 12:32:51 CEST 2018] Started reading Spell.dbc
[Fri Sep 07 12:32:51 CEST 2018] Finished reading Spell.dbc
[Fri Sep 07 12:32:51 CEST 2018] Started reading Aura.dbc
[Fri Sep 07 12:32:51 CEST 2018] Finished reading Aura.dbc
[Fri Sep 07 12:32:51 CEST 2018] Finished loading texture async.
[Fri Sep 07 13:48:18 CEST 2018] Started loading texture async.
[Fri Sep 07 13:48:18 CEST 2018] Started reading Spell.dbc
[Fri Sep 07 13:48:18 CEST 2018] Finished reading Spell.dbc
[Fri Sep 07 13:48:18 CEST 2018] Started reading Aura.dbc
[Fri Sep 07 13:48:18 CEST 2018] Finished reading Aura.dbc
[Fri Sep 07 13:48:18 CEST 2018] Finished loading texture async.
[Fri Sep 07 13:50:26 CEST 2018] Started loading texture async.
[Fri Sep 07 13:50:26 CEST 2018] Started reading Spell.dbc
[Fri Sep 07 13:50:26 CEST 2018] Finished reading Spell.dbc
[Fri Sep 07 13:50:26 CEST 2018] Started reading Aura.dbc
[Fri Sep 07 13:50:26 CEST 2018] Finished reading Aura.dbc
[Fri Sep 07 13:50:26 CEST 2018] Finished loading texture async.
[Fri Sep 07 13:50:44 CEST 2018] Started loading texture async.
[Fri Sep 07 13:50:44 CEST 2018] Started reading Spell.dbc
[Fri Sep 07 13:50:44 CEST 2018] Finished reading Spell.dbc
[Fri Sep 07 13:50:44 CEST 2018] Started reading Aura.dbc
[Fri Sep 07 13:50:44 CEST 2018] Finished reading Aura.dbc
[Fri Sep 07 13:50:44 CEST 2018] Finished loading texture async.
[Fri Sep 07 13:51:17 CEST 2018] Started loading texture async.
[Fri Sep 07 13:51:17 CEST 2018] Started reading Spell.dbc
[Fri Sep 07 13:51:17 CEST 2018] Finished reading Spell.dbc
[Fri Sep 07 13:51:17 CEST 2018] Started reading Aura.dbc
[Fri Sep 07 13:51:17 CEST 2018] Finished reading Aura.dbc
[Fri Sep 07 13:51:17 CEST 2018] Finished loading texture async.
[Fri Sep 07 13:51:50 CEST 2018] Started loading texture async.
[Fri Sep 07 13:51:50 CEST 2018] Started reading Spell.dbc
[Fri Sep 07 13:51:50 CEST 2018] Finished reading Spell.dbc
[Fri Sep 07 13:51:50 CEST 2018] Started reading Aura.dbc
[Fri Sep 07 13:51:50 CEST 2018] Finished reading Aura.dbc
[Fri Sep 07 13:51:50 CEST 2018] Finished loading texture async.
[Fri Sep 07 13:52:10 CEST 2018] Started loading texture async.
[Fri Sep 07 13:52:10 CEST 2018] Started reading Spell.dbc
[Fri Sep 07 13:52:10 CEST 2018] Finished reading Spell.dbc
[Fri Sep 07 13:52:10 CEST 2018] Started reading Aura.dbc
[Fri Sep 07 13:52:10 CEST 2018] Finished reading Aura.dbc
[Fri Sep 07 13:52:10 CEST 2018] Finished loading texture async.
